This file contains any messages produced by compilers while
running configure, to aid debugging if configure makes a mistake.

It was created by Leafpad configure 0.8.16, which was
generated by GNU Autoconf 2.61.  Invocation command line was

  $ ./configure 

## --------- ##
## Platform. ##
## --------- ##

hostname = brian
uname -m = i686
uname -r = 2.6.27-11-generic
uname -s = Linux
uname -v = #1 SMP Wed Apr 1 20:57:48 UTC 2009

/usr/bin/uname -p = unknown
/bin/uname -X     = unknown

/bin/arch              = unknown
/usr/bin/arch -k       = unknown
/usr/convex/getsysinfo = unknown
/usr/bin/hostinfo      = unknown
/bin/machine           = unknown
/usr/bin/oslevel       = unknown
/bin/universe          = unknown

PATH: /usr/local/sbin
PATH: /usr/local/bin
PATH: /usr/sbin
PATH: /usr/bin
PATH: /sbin
PATH: /bin
PATH: /usr/games


## ----------- ##
## Core tests. ##
## ----------- ##

configure:1830: checking for a BSD-compatible install
configure:1886: result: /usr/bin/install -c
configure:1897: checking whether build environment is sane
configure:1940: result: yes
configure:1973: checking for gawk
configure:2003: result: no
configure:1973: checking for mawk
configure:1989: found /usr/bin/mawk
configure:2000: result: mawk
configure:2011: checking whether make sets $(MAKE)
configure:2032: result: yes
configure:2227: checking for style of include used by make
configure:2255: result: GNU
configure:2328: checking for gcc
configure:2344: found /usr/bin/gcc
configure:2355: result: gcc
configure:2593: checking for C compiler version
configure:2600: gcc --version >&5
gcc (Ubuntu 4.3.2-1ubuntu12) 4.3.2
Copyright (C) 2008 Free Software Foundation, Inc.
This is free software; see the source for copying conditions.  There is NO
warranty; not even for MERCHANTABILITY or FITNESS FOR A PARTICULAR PURPOSE.

configure:2603: $? = 0
configure:2610: gcc -v >&5
Using built-in specs.
Target: i486-linux-gnu
Configured with: ../src/configure -v --with-pkgversion='Ubuntu 4.3.2-1ubuntu12' --with-bugurl=file:///usr/share/doc/gcc-4.3/README.Bugs --enable-languages=c,c++,fortran,objc,obj-c++ --prefix=/usr --enable-shared --with-system-zlib --libexecdir=/usr/lib --without-included-gettext --enable-threads=posix --enable-nls --with-gxx-include-dir=/usr/include/c++/4.3 --program-suffix=-4.3 --enable-clocale=gnu --enable-libstdcxx-debug --enable-objc-gc --enable-mpfr --enable-targets=all --enable-checking=release --build=i486-linux-gnu --host=i486-linux-gnu --target=i486-linux-gnu
Thread model: posix
gcc version 4.3.2 (Ubuntu 4.3.2-1ubuntu12) 
configure:2613: $? = 0
configure:2620: gcc -V >&5
gcc: '-V' option must have argument
configure:2623: $? = 1
configure:2646: checking for C compiler default output file name
configure:2673: gcc    conftest.c  >&5
configure:2676: $? = 0
configure:2714: result: a.out
configure:2731: checking whether the C compiler works
configure:2741: ./a.out
configure:2744: $? = 0
configure:2761: result: yes
configure:2768: checking whether we are cross compiling
configure:2770: result: no
configure:2773: checking for suffix of executables
configure:2780: gcc -o conftest    conftest.c  >&5
configure:2783: $? = 0
configure:2807: result: 
configure:2813: checking for suffix of object files
configure:2839: gcc -c   conftest.c >&5
configure:2842: $? = 0
configure:2865: result: o
configure:2869: checking whether we are using the GNU C compiler
configure:2898: gcc -c   conftest.c >&5
configure:2904: $? = 0
configure:2921: result: yes
configure:2926: checking whether gcc accepts -g
configure:2956: gcc -c -g  conftest.c >&5
configure:2962: $? = 0
configure:3061: result: yes
configure:3078: checking for gcc option to accept ISO C89
configure:3152: gcc  -c -g -O2  conftest.c >&5
configure:3158: $? = 0
configure:3181: result: none needed
configure:3201: checking dependency style of gcc
configure:3284: result: gcc3
configure:3377: checking for perl
configure:3395: found /usr/bin/perl
configure:3407: result: /usr/bin/perl
configure:3440: checking for iconv
configure:3458: found /usr/bin/iconv
configure:3471: result: /usr/bin/iconv
configure:3481: checking for msgfmt
configure:3499: found /usr/bin/msgfmt
configure:3512: result: /usr/bin/msgfmt
configure:3522: checking for msgmerge
configure:3540: found /usr/bin/msgmerge
configure:3553: result: /usr/bin/msgmerge
configure:3563: checking for xgettext
configure:3581: found /usr/bin/xgettext
configure:3594: result: /usr/bin/xgettext
configure:3631: gcc -o conftest -g -O2   conftest.c  >&5
configure:3637: $? = 0
configure:3804: checking for gcc
configure:3831: result: gcc
configure:4069: checking for C compiler version
configure:4076: gcc --version >&5
gcc (Ubuntu 4.3.2-1ubuntu12) 4.3.2
Copyright (C) 2008 Free Software Foundation, Inc.
This is free software; see the source for copying conditions.  There is NO
warranty; not even for MERCHANTABILITY or FITNESS FOR A PARTICULAR PURPOSE.

configure:4079: $? = 0
configure:4086: gcc -v >&5
Using built-in specs.
Target: i486-linux-gnu
Configured with: ../src/configure -v --with-pkgversion='Ubuntu 4.3.2-1ubuntu12' --with-bugurl=file:///usr/share/doc/gcc-4.3/README.Bugs --enable-languages=c,c++,fortran,objc,obj-c++ --prefix=/usr --enable-shared --with-system-zlib --libexecdir=/usr/lib --without-included-gettext --enable-threads=posix --enable-nls --with-gxx-include-dir=/usr/include/c++/4.3 --program-suffix=-4.3 --enable-clocale=gnu --enable-libstdcxx-debug --enable-objc-gc --enable-mpfr --enable-targets=all --enable-checking=release --build=i486-linux-gnu --host=i486-linux-gnu --target=i486-linux-gnu
Thread model: posix
gcc version 4.3.2 (Ubuntu 4.3.2-1ubuntu12) 
configure:4089: $? = 0
configure:4096: gcc -V >&5
gcc: '-V' option must have argument
configure:4099: $? = 1
configure:4102: checking whether we are using the GNU C compiler
configure:4154: result: yes
configure:4159: checking whether gcc accepts -g
configure:4294: result: yes
configure:4311: checking for gcc option to accept ISO C89
configure:4414: result: none needed
configure:4434: checking dependency style of gcc
configure:4517: result: gcc3
configure:4538: checking whether gcc and cc understand -c and -o together
configure:4573: gcc -c conftest.c -o conftest2.o >&5
configure:4576: $? = 0
configure:4582: gcc -c conftest.c -o conftest2.o >&5
configure:4585: $? = 0
configure:4596: cc -c conftest.c >&5
configure:4599: $? = 0
configure:4607: cc -c conftest.c -o conftest2.o >&5
configure:4610: $? = 0
configure:4616: cc -c conftest.c -o conftest2.o >&5
configure:4619: $? = 0
configure:4637: result: yes
configure:4712: checking for pkg-config
configure:4730: found /usr/bin/pkg-config
configure:4742: result: /usr/bin/pkg-config
configure:4771: checking pkg-config is at least version 0.9.0
configure:4774: result: yes
configure:4785: checking for GTK
configure:4793: $PKG_CONFIG --exists --print-errors "gtk+-2.0"
configure:4796: $? = 0
configure:4811: $PKG_CONFIG --exists --print-errors "gtk+-2.0"
configure:4814: $? = 0
configure:4890: result: yes
configure:4902: $PKG_CONFIG --exists --print-errors "gtk+-2.0 >= 2.4.0"
configure:4905: $? = 0
configure:4922: $PKG_CONFIG --exists --print-errors "gtk+-2.0 >= 2.10.0"
configure:4925: $? = 0
configure:5029: checking how to run the C preprocessor
configure:5069: gcc -E  conftest.c
configure:5075: $? = 0
configure:5106: gcc -E  conftest.c
conftest.c:12:28: error: ac_nonexistent.h: No such file or directory
configure:5112: $? = 1
configure: failed program was:
| /* confdefs.h.  */
| #define PACKAGE_NAME "Leafpad"
| #define PACKAGE_TARNAME "leafpad"
| #define PACKAGE_VERSION "0.8.16"
| #define PACKAGE_STRING "Leafpad 0.8.16"
| #define PACKAGE_BUGREPORT "tarot@sdf.lonestar.org"
| #define PACKAGE "leafpad"
| #define VERSION "0.8.16"
| #define ENABLE_CHOOSER 1
| #define ENABLE_PRINT 1
| /* end confdefs.h.  */
| #include <ac_nonexistent.h>
configure:5145: result: gcc -E
configure:5174: gcc -E  conftest.c
configure:5180: $? = 0
configure:5211: gcc -E  conftest.c
conftest.c:12:28: error: ac_nonexistent.h: No such file or directory
configure:5217: $? = 1
configure: failed program was:
| /* confdefs.h.  */
| #define PACKAGE_NAME "Leafpad"
| #define PACKAGE_TARNAME "leafpad"
| #define PACKAGE_VERSION "0.8.16"
| #define PACKAGE_STRING "Leafpad 0.8.16"
| #define PACKAGE_BUGREPORT "tarot@sdf.lonestar.org"
| #define PACKAGE "leafpad"
| #define VERSION "0.8.16"
| #define ENABLE_CHOOSER 1
| #define ENABLE_PRINT 1
| /* end confdefs.h.  */
| #include <ac_nonexistent.h>
configure:5255: checking for grep that handles long lines and -e
configure:5329: result: /bin/grep
configure:5334: checking for egrep
configure:5412: result: /bin/grep -E
configure:5417: checking for ANSI C header files
configure:5447: gcc -c -g -O2 -Wall  conftest.c >&5
configure:5453: $? = 0
configure:5552: gcc -o conftest -g -O2 -Wall   conftest.c  >&5
configure:5555: $? = 0
configure:5561: ./conftest
configure:5564: $? = 0
configure:5581: result: yes
configure:5605: checking for sys/types.h
configure:5626: gcc -c -g -O2 -Wall  conftest.c >&5
configure:5632: $? = 0
configure:5648: result: yes
configure:5605: checking for sys/stat.h
configure:5626: gcc -c -g -O2 -Wall  conftest.c >&5
configure:5632: $? = 0
configure:5648: result: yes
configure:5605: checking for stdlib.h
configure:5626: gcc -c -g -O2 -Wall  conftest.c >&5
configure:5632: $? = 0
configure:5648: result: yes
configure:5605: checking for string.h
configure:5626: gcc -c -g -O2 -Wall  conftest.c >&5
configure:5632: $? = 0
configure:5648: result: yes
configure:5605: checking for memory.h
configure:5626: gcc -c -g -O2 -Wall  conftest.c >&5
configure:5632: $? = 0
configure:5648: result: yes
configure:5605: checking for strings.h
configure:5626: gcc -c -g -O2 -Wall  conftest.c >&5
configure:5632: $? = 0
configure:5648: result: yes
configure:5605: checking for inttypes.h
configure:5626: gcc -c -g -O2 -Wall  conftest.c >&5
configure:5632: $? = 0
configure:5648: result: yes
configure:5605: checking for stdint.h
configure:5626: gcc -c -g -O2 -Wall  conftest.c >&5
configure:5632: $? = 0
configure:5648: result: yes
configure:5605: checking for unistd.h
configure:5626: gcc -c -g -O2 -Wall  conftest.c >&5
configure:5632: $? = 0
configure:5648: result: yes
configure:5676: checking locale.h usability
configure:5693: gcc -c -g -O2 -Wall  conftest.c >&5
configure:5699: $? = 0
configure:5713: result: yes
configure:5717: checking locale.h presence
configure:5732: gcc -E  conftest.c
configure:5738: $? = 0
configure:5752: result: yes
configure:5785: checking for locale.h
configure:5793: result: yes
configure:5807: checking for LC_MESSAGES
configure:5833: gcc -o conftest -g -O2 -Wall   conftest.c  >&5
configure:5839: $? = 0
configure:5856: result: yes
configure:5885: checking libintl.h usability
configure:5902: gcc -c -g -O2 -Wall  conftest.c >&5
configure:5908: $? = 0
configure:5922: result: yes
configure:5926: checking libintl.h presence
configure:5941: gcc -E  conftest.c
configure:5947: $? = 0
configure:5961: result: yes
configure:5994: checking for libintl.h
configure:6001: result: yes
configure:6012: checking for ngettext in libc
configure:6040: gcc -o conftest -g -O2 -Wall   conftest.c  >&5
configure:6046: $? = 0
configure:6064: result: yes
configure:6068: checking for dgettext in libc
configure:6096: gcc -o conftest -g -O2 -Wall   conftest.c  >&5
configure:6102: $? = 0
configure:6120: result: yes
configure:6129: checking for bind_textdomain_codeset
configure:6185: gcc -o conftest -g -O2 -Wall   conftest.c  >&5
configure:6191: $? = 0
configure:6209: result: yes
configure:6696: checking for msgfmt
configure:6723: result: /usr/bin/msgfmt
configure:6736: checking for dcgettext
configure:6792: gcc -o conftest -g -O2 -Wall   conftest.c   >&5
conftest.c:49: warning: conflicting types for built-in function 'dcgettext'
configure:6798: $? = 0
configure:6816: result: yes
configure:6828: checking for gmsgfmt
configure:6859: result: /usr/bin/msgfmt
configure:6869: checking for xgettext
configure:6896: result: /usr/bin/xgettext
configure:6925: gcc -o conftest -g -O2 -Wall   conftest.c   >&5
configure:6931: $? = 0
configure:7305: creating ./config.status

## ---------------------- ##
## Running config.status. ##
## ---------------------- ##

This file was extended by Leafpad config.status 0.8.16, which was
generated by GNU Autoconf 2.61.  Invocation command line was

  CONFIG_FILES    = 
  CONFIG_HEADERS  = 
  CONFIG_LINKS    = 
  CONFIG_COMMANDS = 
  $ ./config.status 

on brian

config.status:699: creating Makefile
config.status:699: creating src/Makefile
config.status:699: creating data/Makefile
config.status:699: creating data/icons/Makefile
config.status:699: creating data/icons/16x16/Makefile
config.status:699: creating data/icons/22x22/Makefile
config.status:699: creating data/icons/24x24/Makefile
config.status:699: creating data/icons/32x32/Makefile
config.status:699: creating data/icons/scalable/Makefile
config.status:699: creating po/Makefile.in
config.status:699: creating config.h
config.status:974: executing depfiles commands
config.status:974: executing intltool commands
config.status:974: executing default-1 commands
config.status:974: executing po/stamp-it commands

## ---------------- ##
## Cache variables. ##
## ---------------- ##

ac_cv_c_compiler_gnu=yes
ac_cv_env_CC_set=
ac_cv_env_CC_value=
ac_cv_env_CFLAGS_set=
ac_cv_env_CFLAGS_value=
ac_cv_env_CPPFLAGS_set=
ac_cv_env_CPPFLAGS_value=
ac_cv_env_CPP_set=
ac_cv_env_CPP_value=
ac_cv_env_GNOMEPRINT_CFLAGS_set=
ac_cv_env_GNOMEPRINT_CFLAGS_value=
ac_cv_env_GNOMEPRINT_LIBS_set=
ac_cv_env_GNOMEPRINT_LIBS_value=
ac_cv_env_GTK_CFLAGS_set=
ac_cv_env_GTK_CFLAGS_value=
ac_cv_env_GTK_LIBS_set=
ac_cv_env_GTK_LIBS_value=
ac_cv_env_LDFLAGS_set=
ac_cv_env_LDFLAGS_value=
ac_cv_env_LIBS_set=
ac_cv_env_LIBS_value=
ac_cv_env_PKG_CONFIG_set=
ac_cv_env_PKG_CONFIG_value=
ac_cv_env_build_alias_set=
ac_cv_env_build_alias_value=
ac_cv_env_host_alias_set=
ac_cv_env_host_alias_value=
ac_cv_env_target_alias_set=
ac_cv_env_target_alias_value=
ac_cv_func_bind_textdomain_codeset=yes
ac_cv_func_dcgettext=yes
ac_cv_header_inttypes_h=yes
ac_cv_header_libintl_h=yes
ac_cv_header_locale_h=yes
ac_cv_header_memory_h=yes
ac_cv_header_stdc=yes
ac_cv_header_stdint_h=yes
ac_cv_header_stdlib_h=yes
ac_cv_header_string_h=yes
ac_cv_header_strings_h=yes
ac_cv_header_sys_stat_h=yes
ac_cv_header_sys_types_h=yes
ac_cv_header_unistd_h=yes
ac_cv_objext=o
ac_cv_path_EGREP='/bin/grep -E'
ac_cv_path_GMSGFMT=/usr/bin/msgfmt
ac_cv_path_GREP=/bin/grep
ac_cv_path_INTLTOOL_ICONV=/usr/bin/iconv
ac_cv_path_INTLTOOL_MSGFMT=/usr/bin/msgfmt
ac_cv_path_INTLTOOL_MSGMERGE=/usr/bin/msgmerge
ac_cv_path_INTLTOOL_PERL=/usr/bin/perl
ac_cv_path_INTLTOOL_XGETTEXT=/usr/bin/xgettext
ac_cv_path_MSGFMT=/usr/bin/msgfmt
ac_cv_path_XGETTEXT=/usr/bin/xgettext
ac_cv_path_ac_pt_PKG_CONFIG=/usr/bin/pkg-config
ac_cv_path_install='/usr/bin/install -c'
ac_cv_prog_AWK=mawk
ac_cv_prog_CPP='gcc -E'
ac_cv_prog_ac_ct_CC=gcc
ac_cv_prog_cc_c89=
ac_cv_prog_cc_g=yes
ac_cv_prog_cc_gcc_c_o=yes
ac_cv_prog_make_make_set=yes
am_cv_CC_dependencies_compiler_type=gcc3
am_cv_val_LC_MESSAGES=yes
gt_cv_func_dgettext_libc=yes
gt_cv_func_dgettext_libintl=no
gt_cv_func_ngettext_libc=yes
gt_cv_have_gettext=yes
pkg_cv_GTK_CFLAGS='-I/usr/include/gtk-2.0 -I/usr/lib/gtk-2.0/include -I/usr/include/atk-1.0 -I/usr/include/cairo -I/usr/include/pango-1.0 -I/usr/include/glib-2.0 -I/usr/lib/glib-2.0/include -I/usr/include/pixman-1 -I/usr/include/freetype2 -I/usr/include/libpng12  '
pkg_cv_GTK_LIBS='-lgtk-x11-2.0 -lgdk-x11-2.0 -latk-1.0 -lpangoft2-1.0 -lgdk_pixbuf-2.0 -lm -lpangocairo-1.0 -lgio-2.0 -lcairo -lpango-1.0 -lfreetype -lz -lfontconfig -lgobject-2.0 -lgmodule-2.0 -lglib-2.0  '

## ----------------- ##
## Output variables. ##
## ----------------- ##

ACLOCAL='${SHELL} /home/brian/leafbud/missing --run aclocal-1.7'
ALL_LINGUAS=''
AMDEPBACKSLASH='\'
AMDEP_FALSE='#'
AMDEP_TRUE=''
AMTAR='${SHELL} /home/brian/leafbud/missing --run tar'
AUTOCONF='${SHELL} /home/brian/leafbud/missing --run autoconf'
AUTOHEADER='${SHELL} /home/brian/leafbud/missing --run autoheader'
AUTOMAKE='${SHELL} /home/brian/leafbud/missing --run automake-1.7'
AWK='mawk'
CATALOGS=''
CATOBJEXT='.gmo'
CC='gcc'
CCDEPMODE='depmode=gcc3'
CFLAGS='-g -O2 -Wall'
CPP='gcc -E'
CPPFLAGS=''
CYGPATH_W='echo'
DATADIRNAME='share'
DEFS='-DHAVE_CONFIG_H'
DEPDIR='.deps'
ECHO_C=''
ECHO_N='-n'
ECHO_T=''
EGREP='/bin/grep -E'
EXEEXT=''
GETTEXT_PACKAGE='leafpad'
GMOFILES=''
GMSGFMT='/usr/bin/msgfmt'
GNOMEPRINT_CFLAGS=''
GNOMEPRINT_LIBS=''
GREP='/bin/grep'
GTK_CFLAGS='-I/usr/include/gtk-2.0 -I/usr/lib/gtk-2.0/include -I/usr/include/atk-1.0 -I/usr/include/cairo -I/usr/include/pango-1.0 -I/usr/include/glib-2.0 -I/usr/lib/glib-2.0/include -I/usr/include/pixman-1 -I/usr/include/freetype2 -I/usr/include/libpng12  '
GTK_LIBS='-lgtk-x11-2.0 -lgdk-x11-2.0 -latk-1.0 -lpangoft2-1.0 -lgdk_pixbuf-2.0 -lm -lpangocairo-1.0 -lgio-2.0 -lcairo -lpango-1.0 -lfreetype -lz -lfontconfig -lgobject-2.0 -lgmodule-2.0 -lglib-2.0  '
INSTALL_DATA='${INSTALL} -m 644'
INSTALL_PROGRAM='${INSTALL}'
INSTALL_SCRIPT='${INSTALL}'
INSTALL_STRIP_PROGRAM='${SHELL} $(install_sh) -c -s'
INSTOBJEXT='.mo'
INTLLIBS=''
INTLTOOL_CAVES_RULE='%.caves:     %.caves.in     $(INTLTOOL_MERGE) $(wildcard $(top_srcdir)/po/*.po) ; LC_ALL=C $(INTLTOOL_MERGE) -d -u -c $(top_builddir)/po/.intltool-merge-cache $(top_srcdir)/po $< $@'
INTLTOOL_DESKTOP_RULE='%.desktop:   %.desktop.in   $(INTLTOOL_MERGE) $(wildcard $(top_srcdir)/po/*.po) ; LC_ALL=C $(INTLTOOL_MERGE) -d -u -c $(top_builddir)/po/.intltool-merge-cache $(top_srcdir)/po $< $@'
INTLTOOL_DIRECTORY_RULE='%.directory: %.directory.in $(INTLTOOL_MERGE) $(wildcard $(top_srcdir)/po/*.po) ; LC_ALL=C $(INTLTOOL_MERGE) -d -u -c $(top_builddir)/po/.intltool-merge-cache $(top_srcdir)/po $< $@'
INTLTOOL_EXTRACT='$(top_builddir)/intltool-extract'
INTLTOOL_ICONV='/usr/bin/iconv'
INTLTOOL_KBD_RULE='%.kbd:       %.kbd.in       $(INTLTOOL_MERGE) $(wildcard $(top_srcdir)/po/*.po) ; LC_ALL=C $(INTLTOOL_MERGE) -x -u -m -c $(top_builddir)/po/.intltool-merge-cache $(top_srcdir)/po $< $@'
INTLTOOL_KEYS_RULE='%.keys:      %.keys.in      $(INTLTOOL_MERGE) $(wildcard $(top_srcdir)/po/*.po) ; LC_ALL=C $(INTLTOOL_MERGE) -k -u -c $(top_builddir)/po/.intltool-merge-cache $(top_srcdir)/po $< $@'
INTLTOOL_MERGE='$(top_builddir)/intltool-merge'
INTLTOOL_MSGFMT='/usr/bin/msgfmt'
INTLTOOL_MSGMERGE='/usr/bin/msgmerge'
INTLTOOL_OAF_RULE='%.oaf:       %.oaf.in       $(INTLTOOL_MERGE) $(wildcard $(top_srcdir)/po/*.po) ; LC_ALL=C $(INTLTOOL_MERGE) -o -p $(top_srcdir)/po $< $@'
INTLTOOL_PERL='/usr/bin/perl'
INTLTOOL_PONG_RULE='%.pong:      %.pong.in      $(INTLTOOL_MERGE) $(wildcard $(top_srcdir)/po/*.po) ; LC_ALL=C $(INTLTOOL_MERGE) -x -u -c $(top_builddir)/po/.intltool-merge-cache $(top_srcdir)/po $< $@'
INTLTOOL_PROP_RULE='%.prop:      %.prop.in      $(INTLTOOL_MERGE) $(wildcard $(top_srcdir)/po/*.po) ; LC_ALL=C $(INTLTOOL_MERGE) -d -u -c $(top_builddir)/po/.intltool-merge-cache $(top_srcdir)/po $< $@'
INTLTOOL_SCHEMAS_RULE='%.schemas:   %.schemas.in   $(INTLTOOL_MERGE) $(wildcard $(top_srcdir)/po/*.po) ; LC_ALL=C $(INTLTOOL_MERGE) -s -u -c $(top_builddir)/po/.intltool-merge-cache $(top_srcdir)/po $< $@'
INTLTOOL_SERVER_RULE='%.server:    %.server.in    $(INTLTOOL_MERGE) $(wildcard $(top_srcdir)/po/*.po) ; LC_ALL=C $(INTLTOOL_MERGE) -o -u -c $(top_builddir)/po/.intltool-merge-cache $(top_srcdir)/po $< $@'
INTLTOOL_SERVICE_RULE='%.service: %.service.in   $(INTLTOOL_MERGE) $(wildcard $(top_srcdir)/po/*.po) ; LC_ALL=C $(INTLTOOL_MERGE) -d -u -c $(top_builddir)/po/.intltool-merge-cache $(top_srcdir)/po $< $@'
INTLTOOL_SHEET_RULE='%.sheet:     %.sheet.in     $(INTLTOOL_MERGE) $(wildcard $(top_srcdir)/po/*.po) ; LC_ALL=C $(INTLTOOL_MERGE) -x -u -c $(top_builddir)/po/.intltool-merge-cache $(top_srcdir)/po $< $@'
INTLTOOL_SOUNDLIST_RULE='%.soundlist: %.soundlist.in $(INTLTOOL_MERGE) $(wildcard $(top_srcdir)/po/*.po) ; LC_ALL=C $(INTLTOOL_MERGE) -d -u -c $(top_builddir)/po/.intltool-merge-cache $(top_srcdir)/po $< $@'
INTLTOOL_THEME_RULE='%.theme:     %.theme.in     $(INTLTOOL_MERGE) $(wildcard $(top_srcdir)/po/*.po) ; LC_ALL=C $(INTLTOOL_MERGE) -d -u -c $(top_builddir)/po/.intltool-merge-cache $(top_srcdir)/po $< $@'
INTLTOOL_UI_RULE='%.ui:        %.ui.in        $(INTLTOOL_MERGE) $(wildcard $(top_srcdir)/po/*.po) ; LC_ALL=C $(INTLTOOL_MERGE) -x -u -c $(top_builddir)/po/.intltool-merge-cache $(top_srcdir)/po $< $@'
INTLTOOL_UPDATE='$(top_builddir)/intltool-update'
INTLTOOL_XAM_RULE='%.xam:       %.xml.in       $(INTLTOOL_MERGE) $(wildcard $(top_srcdir)/po/*.po) ; LC_ALL=C $(INTLTOOL_MERGE) -x -u -c $(top_builddir)/po/.intltool-merge-cache $(top_srcdir)/po $< $@'
INTLTOOL_XGETTEXT='/usr/bin/xgettext'
INTLTOOL_XML_NOMERGE_RULE='%.xml:       %.xml.in       $(INTLTOOL_MERGE) ; LC_ALL=C $(INTLTOOL_MERGE) -x -u /tmp $< $@'
INTLTOOL_XML_RULE='%.xml:       %.xml.in       $(INTLTOOL_MERGE) $(wildcard $(top_srcdir)/po/*.po) ; LC_ALL=C $(INTLTOOL_MERGE) -x -u -c $(top_builddir)/po/.intltool-merge-cache $(top_srcdir)/po $< $@'
LDFLAGS=''
LIBOBJS=''
LIBS=''
LTLIBOBJS=''
MAKEINFO='${SHELL} /home/brian/leafbud/missing --run makeinfo'
MKINSTALLDIRS='./mkinstalldirs'
MSGFMT='/usr/bin/msgfmt'
OBJEXT='o'
PACKAGE='leafpad'
PACKAGE_BUGREPORT='tarot@sdf.lonestar.org'
PACKAGE_NAME='Leafpad'
PACKAGE_STRING='Leafpad 0.8.16'
PACKAGE_TARNAME='leafpad'
PACKAGE_VERSION='0.8.16'
PATH_SEPARATOR=':'
PKG_CONFIG='/usr/bin/pkg-config'
POFILES=''
POSUB='po'
PO_IN_DATADIR_FALSE=''
PO_IN_DATADIR_TRUE=''
SET_MAKE=''
SHELL='/bin/bash'
STRIP=''
USE_NLS='yes'
VERSION='0.8.16'
XGETTEXT='/usr/bin/xgettext'
ac_ct_CC='gcc'
am__fastdepCC_FALSE='#'
am__fastdepCC_TRUE=''
am__include='include'
am__leading_dot='.'
am__quote=''
bindir='${exec_prefix}/bin'
build_alias=''
datadir='${datarootdir}'
datarootdir='${prefix}/share'
docdir='${datarootdir}/doc/${PACKAGE_TARNAME}'
dvidir='${docdir}'
exec_prefix='${prefix}'
host_alias=''
htmldir='${docdir}'
includedir='${prefix}/include'
infodir='${datarootdir}/info'
install_sh='/home/brian/leafbud/install-sh'
libdir='${exec_prefix}/lib'
libexecdir='${exec_prefix}/libexec'
localedir='/usr/local/share/locale'
localstatedir='${prefix}/var'
mandir='${datarootdir}/man'
oldincludedir='/usr/include'
pdfdir='${docdir}'
prefix='/usr/local'
program_transform_name='s,x,x,'
psdir='${docdir}'
sbindir='${exec_prefix}/sbin'
sharedstatedir='${prefix}/com'
sysconfdir='${prefix}/etc'
target_alias=''

## ----------- ##
## confdefs.h. ##
## ----------- ##

#define PACKAGE_NAME "Leafpad"
#define PACKAGE_TARNAME "leafpad"
#define PACKAGE_VERSION "0.8.16"
#define PACKAGE_STRING "Leafpad 0.8.16"
#define PACKAGE_BUGREPORT "tarot@sdf.lonestar.org"
#define PACKAGE "leafpad"
#define VERSION "0.8.16"
#define ENABLE_CHOOSER 1
#define ENABLE_PRINT 1
#define STDC_HEADERS 1
#define HAVE_SYS_TYPES_H 1
#define HAVE_SYS_STAT_H 1
#define HAVE_STDLIB_H 1
#define HAVE_STRING_H 1
#define HAVE_MEMORY_H 1
#define HAVE_STRINGS_H 1
#define HAVE_INTTYPES_H 1
#define HAVE_STDINT_H 1
#define HAVE_UNISTD_H 1
#define HAVE_LOCALE_H 1
#define HAVE_LC_MESSAGES 1
#define HAVE_BIND_TEXTDOMAIN_CODESET 1
#define HAVE_GETTEXT 1
#define HAVE_DCGETTEXT 1
#define ENABLE_NLS 1
#define LOCALEDIR "/usr/local/share/locale"

configure: exit 0
